<?xml version="1.0" encoding="UTF-8"?>
<testsuite name="WallServiceTest" tests="1" skipped="0" failures="0" errors="0" timestamp="2022-11-25T17:14:29" hostname="DESKTOP-JGFEJNF" time="0.135">
  <properties/>
  <testcase name="update" classname="WallServiceTest" time="0.135"/>
  <system-out><![CDATA[]]></system-out>
  <system-err><![CDATA[]]></system-err>
</testsuite>
