<?xml version="1.0" encoding="UTF-8"?>
<testsuite name="WallServiceTest" tests="3" skipped="0" failures="0" errors="0" timestamp="2022-11-18T11:27:59" hostname="DESKTOP-JGFEJNF" time="0.135">
  <properties/>
  <testcase name="updateOfPost" classname="WallServiceTest" time="0.134"/>
  <testcase name="update" classname="WallServiceTest" time="0.001"/>
  <testcase name="add" classname="WallServiceTest" time="0.0"/>
  <system-out><![CDATA[]]></system-out>
  <system-err><![CDATA[]]></system-err>
</testsuite>
