<?xml version="1.0" encoding="UTF-8"?>
<testsuite name="WallServiceTest" tests="1" skipped="0" failures="0" errors="0" timestamp="2022-11-28T15:06:09" hostname="DESKTOP-JGFEJNF" time="0.129">
  <properties/>
  <testcase name="updateOfPost" classname="WallServiceTest" time="0.129"/>
  <system-out><![CDATA[]]></system-out>
  <system-err><![CDATA[]]></system-err>
</testsuite>
